<?xml version="1.0" encoding="UTF-8"?>
<!-- Generated by org.testng.reporters.JUnitReportReporter -->
<testsuite hostname="DESKTOP-JV7KCV4" name="docker_basic.Chrome_docker" tests="1" failures="0" timestamp="18 Jun 2020 14:33:31 GMT" time="16.751" errors="0">
  <testcase name="test_chrome_docker" time="16.751" classname="docker_basic.Chrome_docker"/>
</testsuite> <!-- docker_basic.Chrome_docker -->
